정의된 라우팅 모델의 수 : 11
server RUN : 80
[ RowDataPacket {
    num: 1,
    like_num: 6,
    nickname: '앱두',
    my_ideal: '../images/ideal/abcaxbizfi.jpg',
    ideal_name: '이상형' },
  RowDataPacket {
    num: 2,
    like_num: 5,
    nickname: '루피',
    my_ideal: '../images/ideal/dajkrjkdla.jpg',
    ideal_name: 'GKDS' },
  RowDataPacket {
    num: 3,
    like_num: 1,
    nickname: '쵸파',
    my_ideal: '../images/ideal/cnevvnzkii.jpg',
    ideal_name: 'CHOPA' },
  RowDataPacket {
    num: 4,
    like_num: 0,
    nickname: '원',
    my_ideal: '../images/ideal/xrugycoyqf.jpg',
    ideal_name: 'Ideal1' } ]
undefined
[ RowDataPacket {
    num: 1,
    like_num: 6,
    nickname: '앱두',
    my_ideal: '../images/ideal/abcaxbizfi.jpg',
    ideal_name: '이상형' },
  RowDataPacket {
    num: 2,
    like_num: 5,
    nickname: '루피',
    my_ideal: '../images/ideal/dajkrjkdla.jpg',
    ideal_name: 'GKDS' },
  RowDataPacket {
    num: 3,
    like_num: 1,
    nickname: '쵸파',
    my_ideal: '../images/ideal/cnevvnzkii.jpg',
    ideal_name: 'CHOPA' },
  RowDataPacket {
    num: 4,
    like_num: 0,
    nickname: '원',
    my_ideal: '../images/ideal/xrugycoyqf.jpg',
    ideal_name: 'Ideal1' } ]
undefined
